#
# There is insufficient memory for the Java Runtime Environment to continue.
# Native memory allocation (mmap) failed to map 37748736 bytes for committing reserved memory.
# Possible reasons:
#   The system is out of physical RAM or swap space
#   In 32 bit mode, the process size limit was hit
# Possible solutions:
#   Reduce memory load on the system
#   Increase physical memory or swap space
#   Check if swap backing store is full
#   Use 64 bit Java on a 64 bit OS
#   Decrease Java heap size (-Xmx/-Xms)
#   Decrease number of Java threads
#   Decrease Java thread stack sizes (-Xss)
#   Set larger code cache with -XX:ReservedCodeCacheSize=
# This output file may be truncated or incomplete.
#
#  Out of Memory Error (os_linux.cpp:2640), pid=12772, tid=0x00007f9d061cf700
#
# JRE version: Java(TM) SE Runtime Environment (8.0_144-b01) (build 1.8.0_144-b01)
# Java VM: Java HotSpot(TM) 64-Bit Server VM (25.144-b01 mixed mode linux-amd64 compressed oops)
# Failed to write core dump. Core dumps have been disabled. To enable core dumping, try "ulimit -c unlimited" before starting Java again
#

---------------  T H R E A D  ---------------

Current thread (0x00007f9d1c078000):  VMThread [stack: 0x00007f9d060cf000,0x00007f9d061d0000] [id=12780]

Stack: [0x00007f9d060cf000,0x00007f9d061d0000],  sp=0x00007f9d061ce300,  free space=1020k
Native frames: (J=compiled Java code, j=interpreted, Vv=VM code, C=native code)
V  [libjvm.so+0xacb18a]  VMError::report_and_die()+0x2ba
V  [libjvm.so+0x4ff4db]  report_vm_out_of_memory(char const*, int, unsigned long, VMErrorType, char const*)+0x8b
V  [libjvm.so+0x927d23]  os::Linux::commit_memory_impl(char*, unsigned long, bool)+0x103
V  [libjvm.so+0x928279]  os::pd_commit_memory(char*, unsigned long, unsigned long, bool)+0x29
V  [libjvm.so+0x92249a]  os::commit_memory(char*, unsigned long, unsigned long, bool)+0x2a
V  [libjvm.so+0x996ff3]  PSVirtualSpace::expand_by(unsigned long)+0x53
V  [libjvm.so+0x9983f8]  PSYoungGen::resize_generation(unsigned long, unsigned long)+0xf8
V  [libjvm.so+0x997552]  PSYoungGen::resize(unsigned long, unsigned long)+0x22
V  [libjvm.so+0x99482b]  PSScavenge::invoke_no_policy()+0xf3b
V  [libjvm.so+0x98fad5]  PSParallelCompact::invoke(bool)+0x85
V  [libjvm.so+0x485f14]  CollectedHeap::collect_as_vm_thread(GCCause::Cause)+0x114
V  [libjvm.so+0xacc601]  VM_CollectForMetadataAllocation::doit()+0x161
V  [libjvm.so+0xad4685]  VM_Operation::evaluate()+0x55
V  [libjvm.so+0xad2a5a]  VMThread::evaluate_operation(VM_Operation*)+0xba
V  [libjvm.so+0xad2dde]  VMThread::loop()+0x1ce
V  [libjvm.so+0xad3250]  VMThread::run()+0x70
V  [libjvm.so+0x92a338]  java_start(Thread*)+0x108

VM_Operation (0x00007f9d05a2cf70): CollectForMetadataAllocation, mode: safepoint, requested by thread 0x00007f9d1c0bd000


---------------  P R O C E S S  ---------------

Java Threads: ( => current thread )
  0x00007f9d1c0d2800 JavaThread "Service Thread" daemon [_thread_blocked, id=12787, stack(0x00007f9d0582d000,0x00007f9d0592e000)]
  0x00007f9d1c0bd000 JavaThread "C1 CompilerThread2" daemon [_thread_blocked, id=12786, stack(0x00007f9d0592e000,0x00007f9d05a2f000)]
  0x00007f9d1c0bb800 JavaThread "C2 CompilerThread1" daemon [_thread_blocked, id=12785, stack(0x00007f9d05a2f000,0x00007f9d05b30000)]
  0x00007f9d1c0b8800 JavaThread "C2 CompilerThread0" daemon [_thread_blocked, id=12784, stack(0x00007f9d05b30000,0x00007f9d05c31000)]
  0x00007f9d1c0b7000 JavaThread "Signal Dispatcher" daemon [_thread_blocked, id=12783, stack(0x00007f9d05c31000,0x00007f9d05d32000)]
  0x00007f9d1c084000 JavaThread "Finalizer" daemon [_thread_blocked, id=12782, stack(0x00007f9d05ecd000,0x00007f9d05fce000)]
  0x00007f9d1c07f800 JavaThread "Reference Handler" daemon [_thread_blocked, id=12781, stack(0x00007f9d05fce000,0x00007f9d060cf000)]
  0x00007f9d1c00a000 JavaThread "main" [_thread_blocked, id=12775, stack(0x00007f9d24626000,0x00007f9d24727000)]

Other Threads:
=>0x00007f9d1c078000 VMThread [stack: 0x00007f9d060cf000,0x00007f9d061d0000] [id=12780]
  0x00007f9d1c0d5800 WatcherThread [stack: 0x00007f9d0572c000,0x00007f9d0582d000] [id=12788]

VM state:at safepoint (normal execution)

VM Mutex/Monitor currently owned by a thread:  ([mutex/lock_event])
[0x00007f9d1c006250] Threads_lock - owner thread: 0x00007f9d1c078000
[0x00007f9d1c006750] Heap_lock - owner thread: 0x00007f9d1c0bd000
[0x00007f9d1c006cd0] MethodData_lock - owner thread: 0x00007f9d1c0bd000

Heap:
 PSYoungGen      total 56320K, used 5102K [0x00000000ebe00000, 0x00000000efa00000, 0x0000000100000000)
  eden space 51200K, 0% used [0x00000000ebe00000,0x00000000ebe00000,0x00000000ef000000)
  from space 5120K, 99% used [0x00000000ef000000,0x00000000ef4fbb30,0x00000000ef500000)
  to   space 5120K, 0% used [0x00000000ef500000,0x00000000ef500000,0x00000000efa00000)
 ParOldGen       total 42496K, used 17344K [0x00000000c3a00000, 0x00000000c6380000, 0x00000000ebe00000)
  object space 42496K, 40% used [0x00000000c3a00000,0x00000000c4af02c8,0x00000000c6380000)
 Metaspace       used 20568K, capacity 21066K, committed 21296K, reserved 1069056K
  class space    used 2427K, capacity 2563K, committed 2688K, reserved 1048576K

Card table byte_map: [0x00007f9d21215000,0x00007f9d213f9000] byte_map_base: 0x00007f9d20bf8000

Marking Bits: (ParMarkBitMap*) 0x00007f9d23b22dc0
 Begin Bits: [0x00007f9d061d0000, 0x00007f9d070e8000)
 End Bits:   [0x00007f9d070e8000, 0x00007f9d08000000)

Polling page: 0x00007f9d24745000

CodeCache: size=245760Kb used=11144Kb max_used=11144Kb free=234615Kb
 bounds [0x00007f9d0d000000, 0x00007f9d0db00000, 0x00007f9d1c000000]
 total_blobs=3700 nmethods=3331 adapters=281
 compilation: enabled

Compilation events (10 events):
Event: 122,156 Thread 0x00007f9d1c0bb800 nmethod 3627 0x00007f9d0daecf10 code [0x00007f9d0daed060, 0x00007f9d0daed138]
Event: 122,159 Thread 0x00007f9d1c0b8800 nmethod 3628 0x00007f9d0dae8910 code [0x00007f9d0dae8b00, 0x00007f9d0dae8fc8]
Event: 122,356 Thread 0x00007f9d1c0bd000 3634       3       com.sun.tools.javac.tree.JCTree$JCTypeApply::accept (6 bytes)
Event: 122,356 Thread 0x00007f9d1c0bb800 3636       4       com.sun.tools.javac.code.Scope::lookup (67 bytes)
Event: 122,356 Thread 0x00007f9d1c0bd000 nmethod 3634 0x00007f9d0daeca90 code [0x00007f9d0daecc00, 0x00007f9d0daece28]
Event: 122,356 Thread 0x00007f9d1c0bd000 3635       3       com.sun.tools.javac.tree.TreeScanner::visitTypeApply (17 bytes)
Event: 122,357 Thread 0x00007f9d1c0bd000 nmethod 3635 0x00007f9d0dad7490 code [0x00007f9d0dad7640, 0x00007f9d0dad7d18]
Event: 122,357 Thread 0x00007f9d1c0bd000 3637       3       com.sun.tools.javac.code.Symbol::hiddenInInternal (202 bytes)
Event: 122,359 Thread 0x00007f9d1c0bd000 nmethod 3637 0x00007f9d0daee710 code [0x00007f9d0daeeac0, 0x00007f9d0daf0fc8]
Event: 122,359 Thread 0x00007f9d1c0bd000 3638       3       com.sun.tools.javac.comp.Check::checkConflicts (248 bytes)

GC Heap History (10 events):
Event: 7,882 GC heap after
Heap after GC invocations=6 (full 0):
 PSYoungGen      total 21504K, used 3856K [0x00000000ebe00000, 0x00000000ee800000, 0x0000000100000000)
  eden space 15872K, 0% used [0x00000000ebe00000,0x00000000ebe00000,0x00000000ecd80000)
  from space 5632K, 68% used [0x00000000ed300000,0x00000000ed6c4030,0x00000000ed880000)
  to   space 5632K, 0% used [0x00000000ecd80000,0x00000000ecd80000,0x00000000ed300000)
 ParOldGen       total 42496K, used 6073K [0x00000000c3a00000, 0x00000000c6380000, 0x00000000ebe00000)
  object space 42496K, 14% used [0x00000000c3a00000,0x00000000c3fee630,0x00000000c6380000)
 Metaspace       used 13857K, capacity 14246K, committed 14464K, reserved 1062912K
  class space    used 1696K, capacity 1799K, committed 1920K, reserved 1048576K
}
Event: 8,452 GC heap before
{Heap before GC invocations=7 (full 0):
 PSYoungGen      total 21504K, used 19728K [0x00000000ebe00000, 0x00000000ee800000, 0x0000000100000000)
  eden space 15872K, 100% used [0x00000000ebe00000,0x00000000ecd80000,0x00000000ecd80000)
  from space 5632K, 68% used [0x00000000ed300000,0x00000000ed6c4030,0x00000000ed880000)
  to   space 5632K, 0% used [0x00000000ecd80000,0x00000000ecd80000,0x00000000ed300000)
 ParOldGen       total 42496K, used 6073K [0x00000000c3a00000, 0x00000000c6380000, 0x00000000ebe00000)
  object space 42496K, 14% used [0x00000000c3a00000,0x00000000c3fee630,0x00000000c6380000)
 Metaspace       used 14069K, capacity 14566K, committed 14720K, reserved 1062912K
  class space    used 1712K, capacity 1843K, committed 1920K, reserved 1048576K
Event: 8,460 GC heap after
Heap after GC invocations=7 (full 0):
 PSYoungGen      total 21504K, used 2928K [0x00000000ebe00000, 0x00000000ee800000, 0x0000000100000000)
  eden space 15872K, 0% used [0x00000000ebe00000,0x00000000ebe00000,0x00000000ecd80000)
  from space 5632K, 51% used [0x00000000ecd80000,0x00000000ed05c010,0x00000000ed300000)
  to   space 5632K, 0% used [0x00000000ee280000,0x00000000ee280000,0x00000000ee800000)
 ParOldGen       total 42496K, used 7309K [0x00000000c3a00000, 0x00000000c6380000, 0x00000000ebe00000)
  object space 42496K, 17% used [0x00000000c3a00000,0x00000000c4123690,0x00000000c6380000)
 Metaspace       used 14069K, capacity 14566K, committed 14720K, reserved 1062912K
  class space    used 1712K, capacity 1843K, committed 1920K, reserved 1048576K
}
Event: 8,739 GC heap before
{Heap before GC invocations=8 (full 0):
 PSYoungGen      total 21504K, used 18800K [0x00000000ebe00000, 0x00000000ee800000, 0x0000000100000000)
  eden space 15872K, 100% used [0x00000000ebe00000,0x00000000ecd80000,0x00000000ecd80000)
  from space 5632K, 51% used [0x00000000ecd80000,0x00000000ed05c010,0x00000000ed300000)
  to   space 5632K, 0% used [0x00000000ee280000,0x00000000ee280000,0x00000000ee800000)
 ParOldGen       total 42496K, used 7309K [0x00000000c3a00000, 0x00000000c6380000, 0x00000000ebe00000)
  object space 42496K, 17% used [0x00000000c3a00000,0x00000000c4123690,0x00000000c6380000)
 Metaspace       used 14368K, capacity 14822K, committed 14976K, reserved 1062912K
  class space    used 1732K, capacity 1843K, committed 1920K, reserved 1048576K
Event: 8,749 GC heap after
Heap after GC invocations=8 (full 0):
 PSYoungGen      total 37376K, used 2796K [0x00000000ebe00000, 0x00000000ee800000, 0x0000000100000000)
  eden space 31744K, 0% used [0x00000000ebe00000,0x00000000ebe00000,0x00000000edd00000)
  from space 5632K, 49% used [0x00000000ee280000,0x00000000ee53b050,0x00000000ee800000)
  to   space 5632K, 0% used [0x00000000edd00000,0x00000000edd00000,0x00000000ee280000)
 ParOldGen       total 42496K, used 8175K [0x00000000c3a00000, 0x00000000c6380000, 0x00000000ebe00000)
  object space 42496K, 19% used [0x00000000c3a00000,0x00000000c41fbeb0,0x00000000c6380000)
 Metaspace       used 14368K, capacity 14822K, committed 14976K, reserved 1062912K
  class space    used 1732K, capacity 1843K, committed 1920K, reserved 1048576K
}
Event: 37,261 GC heap before
{Heap before GC invocations=9 (full 0):
 PSYoungGen      total 37376K, used 34502K [0x00000000ebe00000, 0x00000000ee800000, 0x0000000100000000)
  eden space 31744K, 99% used [0x00000000ebe00000,0x00000000edcf6b30,0x00000000edd00000)
  from space 5632K, 49% used [0x00000000ee280000,0x00000000ee53b050,0x00000000ee800000)
  to   space 5632K, 0% used [0x00000000edd00000,0x00000000edd00000,0x00000000ee280000)
 ParOldGen       total 42496K, used 8175K [0x00000000c3a00000, 0x00000000c6380000, 0x00000000ebe00000)
  object space 42496K, 19% used [0x00000000c3a00000,0x00000000c41fbeb0,0x00000000c6380000)
 Metaspace       used 17765K, capacity 18314K, committed 18560K, reserved 1064960K
  class space    used 2190K, capacity 2307K, committed 2432K, reserved 1048576K
Event: 41,246 GC heap after
Heap after GC invocations=9 (full 0):
 PSYoungGen      total 37376K, used 3214K [0x00000000ebe00000, 0x00000000efa00000, 0x0000000100000000)
  eden space 31744K, 0% used [0x00000000ebe00000,0x00000000ebe00000,0x00000000edd00000)
  from space 5632K, 57% used [0x00000000edd00000,0x00000000ee0238f0,0x00000000ee280000)
  to   space 5120K, 0% used [0x00000000ef500000,0x00000000ef500000,0x00000000efa00000)
 ParOldGen       total 42496K, used 9503K [0x00000000c3a00000, 0x00000000c6380000, 0x00000000ebe00000)
  object space 42496K, 22% used [0x00000000c3a00000,0x00000000c4347ec0,0x00000000c6380000)
 Metaspace       used 17765K, capacity 18314K, committed 18560K, reserved 1064960K
  class space    used 2190K, capacity 2307K, committed 2432K, reserved 1048576K
}
Event: 53,517 GC heap before
{Heap before GC invocations=10 (full 0):
 PSYoungGen      total 37376K, used 34958K [0x00000000ebe00000, 0x00000000efa00000, 0x0000000100000000)
  eden space 31744K, 100% used [0x00000000ebe00000,0x00000000edd00000,0x00000000edd00000)
  from space 5632K, 57% used [0x00000000edd00000,0x00000000ee0238f0,0x00000000ee280000)
  to   space 5120K, 0% used [0x00000000ef500000,0x00000000ef500000,0x00000000efa00000)
 ParOldGen       total 42496K, used 9503K [0x00000000c3a00000, 0x00000000c6380000, 0x00000000ebe00000)
  object space 42496K, 22% used [0x00000000c3a00000,0x00000000c4347ec0,0x00000000c6380000)
 Metaspace       used 18387K, capacity 18922K, committed 19072K, reserved 1067008K
  class space    used 2259K, capacity 2403K, committed 2432K, reserved 1048576K
Event: 54,420 GC heap after
Heap after GC invocations=10 (full 0):
 PSYoungGen      total 56320K, used 2359K [0x00000000ebe00000, 0x00000000efa00000, 0x0000000100000000)
  eden space 51200K, 0% used [0x00000000ebe00000,0x00000000ebe00000,0x00000000ef000000)
  from space 5120K, 46% used [0x00000000ef500000,0x00000000ef74ded0,0x00000000efa00000)
  to   space 5120K, 0% used [0x00000000ef000000,0x00000000ef000000,0x00000000ef500000)
 ParOldGen       total 42496K, used 10591K [0x00000000c3a00000, 0x00000000c6380000, 0x00000000ebe00000)
  object space 42496K, 24% used [0x00000000c3a00000,0x00000000c4457ec0,0x00000000c6380000)
 Metaspace       used 18387K, capacity 18922K, committed 19072K, reserved 1067008K
  class space    used 2259K, capacity 2403K, committed 2432K, reserved 1048576K
}
Event: 122,481 GC heap before
{Heap before GC invocations=11 (full 0):
 PSYoungGen      total 56320K, used 52712K [0x00000000ebe00000, 0x00000000efa00000, 0x0000000100000000)
  eden space 51200K, 98% used [0x00000000ebe00000,0x00000000eef2c3a8,0x00000000ef000000)
  from space 5120K, 46% used [0x00000000ef500000,0x00000000ef74ded0,0x00000000efa00000)
  to   space 5120K, 0% used [0x00000000ef000000,0x00000000ef000000,0x00000000ef500000)
 ParOldGen       total 42496K, used 10591K [0x00000000c3a00000, 0x00000000c6380000, 0x00000000ebe00000)
  object space 42496K, 24% used [0x00000000c3a00000,0x00000000c4457ec0,0x00000000c6380000)
 Metaspace       used 20568K, capacity 21066K, committed 21296K, reserved 1069056K
  class space    used 2427K, capacity 2563K, committed 2688K, reserved 1048576K

Deoptimization events (10 events):
Event: 107,899 Thread 0x00007f9d1c00a000 Uncommon trap: reason=class_check action=maybe_recompile pc=0x00007f9d0d925824 method=com.sun.tools.javac.code.Type.containsAny(Lcom/sun/tools/javac/util/List;)Z @ 6
Event: 107,938 Thread 0x00007f9d1c00a000 Uncommon trap: reason=class_check action=maybe_recompile pc=0x00007f9d0d925824 method=com.sun.tools.javac.code.Type.containsAny(Lcom/sun/tools/javac/util/List;)Z @ 6
Event: 117,839 Thread 0x00007f9d1c00a000 Uncommon trap: reason=unstable_if action=reinterpret pc=0x00007f9d0d8ad554 method=com.sun.tools.javac.util.Convert.chars2utf([CI[BII)I @ 35
Event: 117,840 Thread 0x00007f9d1c00a000 Uncommon trap: reason=unstable_if action=reinterpret pc=0x00007f9d0d452138 method=com.sun.tools.javac.util.Convert.chars2utf([CI[BII)I @ 35
Event: 120,635 Thread 0x00007f9d1c00a000 Uncommon trap: reason=unstable_if action=reinterpret pc=0x00007f9d0d91806c method=com.sun.tools.javac.code.Scope.enter(Lcom/sun/tools/javac/code/Symbol;Lcom/sun/tools/javac/code/Scope;Lcom/sun/tools/javac/code/Scope;Z)V @ 116
Event: 120,637 Thread 0x00007f9d1c00a000 Uncommon trap: reason=unstable_if action=reinterpret pc=0x00007f9d0d9c0c88 method=com.sun.tools.javac.code.Type.isCompound()Z @ 23
Event: 120,667 Thread 0x00007f9d1c00a000 Uncommon trap: reason=bimorphic action=maybe_recompile pc=0x00007f9d0d36ca04 method=java.util.HashMap.putVal(ILjava/lang/Object;Ljava/lang/Object;ZZ)Ljava/lang/Object; @ 203
Event: 120,842 Thread 0x00007f9d1c00a000 Uncommon trap: reason=bimorphic action=maybe_recompile pc=0x00007f9d0d36ca04 method=java.util.HashMap.putVal(ILjava/lang/Object;Ljava/lang/Object;ZZ)Ljava/lang/Object; @ 203
Event: 120,869 Thread 0x00007f9d1c00a000 Uncommon trap: reason=bimorphic action=maybe_recompile pc=0x00007f9d0d36ca04 method=java.util.HashMap.putVal(ILjava/lang/Object;Ljava/lang/Object;ZZ)Ljava/lang/Object; @ 203
Event: 120,869 Thread 0x00007f9d1c00a000 Uncommon trap: reason=bimorphic action=maybe_recompile pc=0x00007f9d0d36ca04 method=java.util.HashMap.putVal(ILjava/lang/Object;Ljava/lang/Object;ZZ)Ljava/lang/Object; @ 203

Internal exceptions (10 events):
Event: 7,004 Thread 0x00007f9d1c00a000 Implicit null exception at 0x00007f9d0d3999f5 to 0x00007f9d0d399bd9
Event: 7,005 Thread 0x00007f9d1c00a000 Implicit null exception at 0x00007f9d0d30d92f to 0x00007f9d0d30d999
Event: 7,047 Thread 0x00007f9d1c00a000 Implicit null exception at 0x00007f9d0d4cef46 to 0x00007f9d0d4cf269
Event: 7,630 Thread 0x00007f9d1c00a000 Implicit null exception at 0x00007f9d0d389fd8 to 0x00007f9d0d38a066
Event: 7,776 Thread 0x00007f9d1c00a000 Exception <a 'java/lang/NoClassDefFoundError': org/slf4j/Logger> (0x00000000ecbaf960) thrown at [/HUDSON3/workspace/8-2-build-linux-amd64/jdk8u144/9417/hotspot/src/share/vm/oops/constantPool.cpp, line 235]
Event: 8,446 Thread 0x00007f9d1c00a000 Exception <a 'java/lang/NoClassDefFoundError': org/slf4j/Logger> (0x00000000ecd433c0) thrown at [/HUDSON3/workspace/8-2-build-linux-amd64/jdk8u144/9417/hotspot/src/share/vm/oops/constantPool.cpp, line 235]
Event: 9,195 Thread 0x00007f9d1c00a000 Exception <a 'java/lang/NoClassDefFoundError': org/slf4j/Logger> (0x00000000ed058b50) thrown at [/HUDSON3/workspace/8-2-build-linux-amd64/jdk8u144/9417/hotspot/src/share/vm/oops/constantPool.cpp, line 235]
Event: 9,415 Thread 0x00007f9d1c00a000 Exception <a 'java/lang/ClassNotFoundException': com/sun/tools/javac/api/JavacTool> (0x00000000ed3691e8) thrown at [/HUDSON3/workspace/8-2-build-linux-amd64/jdk8u144/9417/hotspot/src/share/vm/classfile/systemDictionary.cpp, line 210]
Event: 92,983 Thread 0x00007f9d1c00a000 Exception <a 'java/io/FileNotFoundException'> (0x00000000ed1239d8) thrown at [/HUDSON3/workspace/8-2-build-linux-amd64/jdk8u144/9417/hotspot/src/share/vm/prims/jni.cpp, line 709]
Event: 94,346 Thread 0x00007f9d1c00a000 Exception <a 'java/io/FileNotFoundException'> (0x00000000ed158e48) thrown at [/HUDSON3/workspace/8-2-build-linux-amd64/jdk8u144/9417/hotspot/src/share/vm/prims/jni.cpp, line 709]

Events (10 events):
Event: 121,100 loading class com/sun/tools/javac/comp/Resolve$12$1 done
Event: 122,004 loading class com/sun/tools/javac/comp/Attr$5
Event: 122,004 loading class com/sun/tools/javac/comp/Attr$5 done
Event: 122,027 loading class com/sun/tools/javac/comp/Flow$BaseAnalyzer$JumpKind
Event: 122,028 loading class com/sun/tools/javac/comp/Flow$BaseAnalyzer$JumpKind done
Event: 122,135 loading class com/sun/tools/javac/comp/Flow$BaseAnalyzer$JumpKind$1
Event: 122,135 loading class com/sun/tools/javac/comp/Flow$BaseAnalyzer$JumpKind$1 done
Event: 122,146 loading class com/sun/tools/javac/comp/Flow$BaseAnalyzer$JumpKind$2
Event: 122,146 loading class com/sun/tools/javac/comp/Flow$BaseAnalyzer$JumpKind$2 done
Event: 122,480 Executing VM operation: CollectForMetadataAllocation


Dynamic libraries:
00400000-00401000 r-xp 00000000 08:05 10751959                           /usr/lib/jvm/java-8-oracle/bin/java
00600000-00601000 rw-p 00000000 08:05 10751959                           /usr/lib/jvm/java-8-oracle/bin/java
01952000-01973000 rw-p 00000000 00:00 0                                  [heap]
c3a00000-c6380000 rw-p 00000000 00:00 0 
c6380000-ebe00000 ---p 00000000 00:00 0 
ebe00000-efa00000 rw-p 00000000 00:00 0 
f1e00000-100000000 ---p 00000000 00:00 0 
100000000-1002a0000 rw-p 00000000 00:00 0 
1002a0000-140000000 ---p 00000000 00:00 0 
7f9cc8000000-7f9cc8021000 rw-p 00000000 00:00 0 
7f9cc8021000-7f9ccc000000 ---p 00000000 00:00 0 
7f9cd0000000-7f9cd0021000 rw-p 00000000 00:00 0 
7f9cd0021000-7f9cd4000000 ---p 00000000 00:00 0 
7f9cd4000000-7f9cd4021000 rw-p 00000000 00:00 0 
7f9cd4021000-7f9cd8000000 ---p 00000000 00:00 0 
7f9cd8000000-7f9cd9818000 rw-p 00000000 00:00 0 
7f9cd9818000-7f9cdc000000 ---p 00000000 00:00 0 
7f9cdc000000-7f9cdc74e000 rw-p 00000000 00:00 0 
7f9cdc74e000-7f9ce0000000 ---p 00000000 00:00 0 
7f9ce0000000-7f9ce0021000 rw-p 00000000 00:00 0 
7f9ce0021000-7f9ce4000000 ---p 00000000 00:00 0 
7f9ce4000000-7f9ce6880000 rw-p 00000000 00:00 0 
7f9ce6880000-7f9ce8000000 ---p 00000000 00:00 0 
7f9ce8000000-7f9ce8021000 rw-p 00000000 00:00 0 
7f9ce8021000-7f9cec000000 ---p 00000000 00:00 0 
7f9cec000000-7f9cec021000 rw-p 00000000 00:00 0 
7f9cec021000-7f9cf0000000 ---p 00000000 00:00 0 
7f9cf0000000-7f9cf0021000 rw-p 00000000 00:00 0 
7f9cf0021000-7f9cf4000000 ---p 00000000 00:00 0 
7f9cf4000000-7f9cf428e000 rw-p 00000000 00:00 0 
7f9cf428e000-7f9cf8000000 ---p 00000000 00:00 0 
7f9cf8000000-7f9cf8021000 rw-p 00000000 00:00 0 
7f9cf8021000-7f9cfc000000 ---p 00000000 00:00 0 
7f9cfcfff000-7f9d00000000 rw-p 00000000 00:00 0 
7f9d00000000-7f9d00023000 rw-p 00000000 00:00 0 
7f9d00023000-7f9d04000000 ---p 00000000 00:00 0 
7f9d044da000-7f9d04506000 rw-p 00000000 00:00 0 
7f9d04506000-7f9d046da000 ---p 00000000 00:00 0 
7f9d046da000-7f9d046e1000 r--s 00000000 08:05 8915171                    /usr/lib/x86_64-linux-gnu/gconv/gconv-modules.cache
7f9d046e1000-7f9d046f0000 r--p 00000000 08:05 8918996                    /usr/share/locale/pt_BR/LC_MESSAGES/libc.mo
7f9d046f0000-7f9d04735000 r--s 0031f000 08:05 2890834                    /home/pedrohensanches/.m2/repository/org/jboss/weld/servlet/weld-servlet/1.1.10.Final/weld-servlet-1.1.10.Final.jar
7f9d04735000-7f9d0473a000 r--s 00017000 08:05 2490958                    /home/pedrohensanches/.m2/repository/org/hibernate/javax/persistence/hibernate-jpa-2.1-api/1.0.0.Final/hibernate-jpa-2.1-api-1.0.0.Final.jar
7f9d0473a000-7f9d04743000 r--s 000e0000 08:05 2490956                    /home/pedrohensanches/.m2/repository/mysql/mysql-connector-java/5.1.30/mysql-connector-java-5.1.30.jar
7f9d04743000-7f9d04751000 r--s 00090000 08:05 2490955                    /home/pedrohensanches/.m2/repository/org/hibernate/hibernate-entitymanager/4.3.4.Final/hibernate-entitymanager-4.3.4.Final.jar
7f9d04751000-7f9d04753000 r--s 00011000 08:05 2490952                    /home/pedrohensanches/.m2/repository/org/jboss/jandex/1.1.0.Final/jandex-1.1.0.Final.jar
7f9d04753000-7f9d04758000 r--s 00068000 08:05 2490950                    /home/pedrohensanches/.m2/repository/antlr/antlr/2.7.7/antlr-2.7.7.jar
7f9d04758000-7f9d04762000 r--s 000a5000 08:05 2490921                    /home/pedrohensanches/.m2/repository/org/javassist/javassist/3.18.1-GA/javassist-3.18.1-GA.jar
7f9d04762000-7f9d04765000 r--s 00010000 08:05 2490920                    /home/pedrohensanches/.m2/repository/org/hibernate/common/hibernate-commons-annotations/4.0.4.Final/hibernate-commons-annotations-4.0.4.Final.jar
7f9d04765000-7f9d0476a000 r--s 00016000 08:05 2490917                    /home/pedrohensanches/.m2/repository/xml-apis/xml-apis/1.0.b2/xml-apis-1.0.b2.jar
7f9d0476a000-7f9d0476f000 r--s 00048000 08:05 2490915                    /home/pedrohensanches/.m2/repository/dom4j/dom4j/1.6.1/dom4j-1.6.1.jar
7f9d0476f000-7f9d04770000 r--s 00006000 08:05 2490914                    /home/pedrohensanches/.m2/repository/org/jboss/spec/javax/transaction/jboss-transaction-api_1.2_spec/1.0.0.Final/jboss-transaction-api_1.2_spec-1.0.0.Final.jar
7f9d04770000-7f9d04772000 r--s 0000c000 08:05 2490909                    /home/pedrohensanches/.m2/repository/org/jboss/logging/jboss-logging/3.1.3.GA/jboss-logging-3.1.3.GA.jar
7f9d04772000-7f9d047cf000 r--s 0049f000 08:05 2490906                    /home/pedrohensanches/.m2/repository/org/hibernate/hibernate-core/4.3.4.Final/hibernate-core-4.3.4.Final.jar
7f9d047cf000-7f9d047d2000 r--s 00012000 08:05 2490904                    /home/pedrohensanches/.m2/repository/javax/servlet/javax.servlet-api/3.0.1/javax.servlet-api-3.0.1.jar
7f9d047d2000-7f9d047d4000 r--s 000a7000 08:05 2490905                    /home/pedrohensanches/.m2/repository/org/webjars/font-awesome/4.7.0/font-awesome-4.7.0.jar
7f9d047d4000-7f9d047e8000 r--s 0013a000 08:05 2490884                    /home/pedrohensanches/.m2/repository/org/primefaces/themes/all-themes/1.0.10/all-themes-1.0.10.jar
7f9d047e8000-7f9d04818000 r--s 003a3000 08:05 2490903                    /home/pedrohensanches/.m2/repository/org/primefaces/primefaces/6.0/primefaces-6.0.jar
7f9d04818000-7f9d04840000 r--s 002d6000 08:05 2490907                    /home/pedrohensanches/.m2/repository/org/glassfish/javax.faces/2.2.8-18/javax.faces-2.2.8-18.jar
7f9d04840000-7f9d04a40000 rw-p 00000000 00:00 0 
7f9d04a40000-7f9d04c40000 rw-p 00000000 00:00 0 
7f9d04c40000-7f9d04cba000 r--s 010f7000 08:05 9571244                    /usr/lib/jvm/java-8-oracle/lib/tools.jar
7f9d04cba000-7f9d04cbd000 r--s 0001b000 08:05 2491584                    /home/pedrohensanches/.m2/repository/junit/junit/3.8.2/junit-3.8.2.jar
7f9d04cbd000-7f9d04ccb000 r--s 0008f000 08:05 2491581                    /home/pedrohensanches/.m2/repository/com/google/collections/google-collections/1.0/google-collections-1.0.jar
7f9d04ccb000-7f9d04ecb000 rw-p 00000000 00:00 0 
7f9d04ecb000-7f9d04edc000 r-xp 00000000 08:05 10752066                   /usr/lib/jvm/java-8-oracle/jre/lib/amd64/libnio.so
7f9d04edc000-7f9d050db000 ---p 00011000 08:05 10752066                   /usr/lib/jvm/java-8-oracle/jre/lib/amd64/libnio.so
7f9d050db000-7f9d050dc000 rw-p 00010000 08:05 10752066                   /usr/lib/jvm/java-8-oracle/jre/lib/amd64/libnio.so
7f9d050dc000-7f9d050f2000 r-xp 00000000 08:05 10752041                   /usr/lib/jvm/java-8-oracle/jre/lib/amd64/libnet.so
7f9d050f2000-7f9d052f2000 ---p 00016000 08:05 10752041                   /usr/lib/jvm/java-8-oracle/jre/lib/amd64/libnet.so
7f9d052f2000-7f9d052f3000 rw-p 00016000 08:05 10752041                   /usr/lib/jvm/java-8-oracle/jre/lib/amd64/libnet.so
7f9d052f3000-7f9d052f6000 ---p 00000000 00:00 0 
7f9d052f6000-7f9d0552c000 rw-p 00000000 00:00 0 
7f9d0552c000-7f9d0572c000 rw-p 00000000 00:00 0 
7f9d0572c000-7f9d0572d000 ---p 00000000 00:00 0 
7f9d0572d000-7f9d0582d000 rw-p 00000000 00:00 0 
7f9d0582d000-7f9d05830000 ---p 00000000 00:00 0 
7f9d05830000-7f9d0592e000 rw-p 00000000 00:00 0 
7f9d0592e000-7f9d05931000 ---p 00000000 00:00 0 
7f9d05931000-7f9d05a2f000 rw-p 00000000 00:00 0 
7f9d05a2f000-7f9d05a32000 ---p 00000000 00:00 0 
7f9d05a32000-7f9d05b30000 rw-p 00000000 00:00 0 
7f9d05b30000-7f9d05b33000 ---p 00000000 00:00 0 
7f9d05b33000-7f9d05c31000 rw-p 00000000 00:00 0 
7f9d05c31000-7f9d05c34000 ---p 00000000 00:00 0 
7f9d05c34000-7f9d05d32000 rw-p 00000000 00:00 0 
7f9d05d32000-7f9d05ecd000 r--p 00000000 08:05 8913188                    /usr/lib/locale/locale-archive
7f9d05ecd000-7f9d05ed0000 ---p 00000000 00:00 0 
7f9d05ed0000-7f9d05fce000 rw-p 00000000 00:00 0 
7f9d05fce000-7f9d05fd1000 ---p 00000000 00:00 0 
7f9d05fd1000-7f9d060cf000 rw-p 00000000 00:00 0 
7f9d060cf000-7f9d060d0000 ---p 00000000 00:00 0 
7f9d060d0000-7f9d08000000 rw-p 00000000 00:00 0 
7f9d08000000-7f9d08021000 rw-p 00000000 00:00 0 
7f9d08021000-7f9d0c000000 ---p 00000000 00:00 0 
7f9d0c000000-7f9d0c001000 r--s 00002000 08:05 2490911                    /home/pedrohensanches/.m2/repository/org/jboss/logging/jboss-logging-annotations/1.2.0.Beta1/jboss-logging-annotations-1.2.0.Beta1.jar
7f9d0c001000-7f9d0c002000 r--s 0000a000 08:05 2491580                    /home/pedrohensanches/.m2/repository/commons-logging/commons-logging-api/1.1/commons-logging-api-1.1.jar
7f9d0c002000-7f9d0c009000 r--s 00051000 08:05 2491579                    /home/pedrohensanches/.m2/repository/log4j/log4j/1.2.12/log4j-1.2.12.jar
7f9d0c009000-7f9d0c00d000 r--s 0001d000 08:05 2491578                    /home/pedrohensanches/.m2/repository/org/apache/xbean/xbean-reflect/3.4/xbean-reflect-3.4.jar
7f9d0c00d000-7f9d0c00e000 r--s 00004000 08:05 2491576                    /home/pedrohensanches/.m2/repository/org/codehaus/plexus/plexus-compiler-javac/2.2/plexus-compiler-javac-2.2.jar
7f9d0c00e000-7f9d0c010000 r--s 00000000 08:05 2491571                    /home/pedrohensanches/.m2/repository/org/codehaus/plexus/plexus-compiler-manager/2.2/plexus-compiler-manager-2.2.jar
7f9d0c010000-7f9d0c012000 r--s 00005000 08:05 2491570                    /home/pedrohensanches/.m2/repository/org/codehaus/plexus/plexus-compiler-api/2.2/plexus-compiler-api-2.2.jar
7f9d0c012000-7f9d0c014000 r--s 00000000 08:05 2491567                    /home/pedrohensanches/.m2/repository/org/codehaus/plexus/plexus-component-annotations/1.5.5/plexus-component-annotations-1.5.5.jar
7f9d0c014000-7f9d0c016000 r--s 00002000 08:05 2491564                    /home/pedrohensanches/.m2/repository/org/apache/maven/shared/maven-shared-incremental/1.1/maven-shared-incremental-1.1.jar
7f9d0c016000-7f9d0c018000 r--s 00006000 08:05 2491565                    /home/pedrohensanches/.m2/repository/com/google/code/findbugs/jsr305/2.0.1/jsr305-2.0.1.jar
7f9d0c018000-7f9d0c01b000 r--s 00023000 08:05 2491563                    /home/pedrohensanches/.m2/repository/org/apache/maven/shared/maven-shared-utils/0.1/maven-shared-utils-0.1.jar
7f9d0c01b000-7f9d0c01f000 r--s 00030000 08:05 2491566                    /home/pedrohensanches/.m2/repository/org/codehaus/plexus/plexus-utils/1.5.1/plexus-utils-1.5.1.jar
7f9d0c01f000-7f9d0c021000 r--s 00009000 08:05 2490569                    /home/pedrohensanches/.m2/repository/org/apache/maven/plugins/maven-compiler-plugin/3.1/maven-compiler-plugin-3.1.jar
7f9d0c021000-7f9d0c023000 r--s 0000d000 08:05 2491212                    /home/pedrohensanches/.m2/repository/org/codehaus/plexus/plexus-interpolation/1.13/plexus-interpolation-1.13.jar
7f9d0c023000-7f9d0c024000 r--s 00001000 08:05 2491211                    /home/pedrohensanches/.m2/repository/org/sonatype/plexus/plexus-build-api/0.0.4/plexus-build-api-0.0.4.jar
7f9d0c024000-7f9d0c026000 r--s 00009000 08:05 2491210                    /home/pedrohensanches/.m2/repository/org/apache/maven/shared/maven-filtering/1.0/maven-filtering-1.0.jar
7f9d0c026000-7f9d0c029000 r--s 0001b000 08:05 2491203                    /home/pedrohensanches/.m2/repository/junit/junit/3.8.1/junit-3.8.1.jar
7f9d0c029000-7f9d0c02b000 r--s 00002000 08:05 2491202                    /home/pedrohensanches/.m2/repository/org/codehaus/plexus/plexus-interactivity-api/1.0-alpha-4/plexus-interactivity-api-1.0-alpha-4.jar
7f9d0c02b000-7f9d0c02d000 r--s 00006000 08:05 2491204                    /home/pedrohensanches/.m2/repository/commons-cli/commons-cli/1.0/commons-cli-1.0.jar
7f9d0c02d000-7f9d0c02e000 r--s 00001000 08:05 2491201                    /home/pedrohensanches/.m2/repository/org/apache/maven/doxia/doxia-sink-api/1.0-alpha-7/doxia-sink-api-1.0-alpha-7.jar
7f9d0c02e000-7f9d0c02f000 r--s 00002000 08:05 2491205                    /home/pedrohensanches/.m2/repository/org/apache/maven/reporting/maven-reporting-api/2.0.6/maven-reporting-api-2.0.6.jar
7f9d0c02f000-7f9d0c031000 r--s 00005000 08:05 2490557                    /home/pedrohensanches/.m2/repository/org/apache/maven/plugins/maven-resources-plugin/2.5/maven-resources-plugin-2.5.jar
7f9d0c031000-7f9d0c035000 r--s 00033000 08:05 2490994                    /home/pedrohensanches/.m2/repository/org/codehaus/plexus/plexus-utils/2.0.5/plexus-utils-2.0.5.jar
7f9d0c035000-7f9d0c036000 r--s 00005000 08:05 2490581                    /home/pedrohensanches/.m2/repository/org/apache/maven/plugins/maven-clean-plugin/2.4.1/maven-clean-plugin-2.4.1.jar
7f9d0c036000-7f9d0c037000 r--p 00000000 00:00 0 
7f9d0c037000-7f9d0c03c000 r--s 0009a000 08:05 10751985                   /usr/lib/jvm/java-8-oracle/jre/lib/jsse.jar
7f9d0c03c000-7f9d0c03e000 r--s 0000d000 08:05 2233864                    /home/pedrohensanches/netbeans-8.2/java/maven-nblib/netbeans-eventspy.jar
7f9d0c03e000-7f9d0c03f000 r--s 00003000 08:05 2233876                    /home/pedrohensanches/netbeans-8.2/java/maven/lib/aether-spi-1.13.1.jar
7f9d0c03f000-7f9d0c049000 r--s 00116000 08:05 10752121                   /usr/lib/jvm/java-8-oracle/jre/lib/ext/localedata.jar
7f9d0c049000-7f9d0c04d000 r--s 00013000 08:05 2233875                    /home/pedrohensanches/netbeans-8.2/java/maven/lib/aether-api-1.13.1.jar
7f9d0c04d000-7f9d0c055000 r--s 00050000 08:05 2233826                    /home/pedrohensanches/netbeans-8.2/java/maven/lib/sisu-guice-3.1.0-no_aop.jar
7f9d0c055000-7f9d0c05b000 r--s 0003f000 08:05 2233870                    /home/pedrohensanches/netbeans-8.2/java/maven/lib/maven-compat-3.0.5.jar
7f9d0c05b000-7f9d0c062000 r--s 0002b000 08:05 2233815                    /home/pedrohensanches/netbeans-8.2/java/maven/lib/sisu-inject-plexus-2.3.0.jar
7f9d0c062000-7f9d0c066000 r--s 0001c000 08:05 2233869                    /home/pedrohensanches/netbeans-8.2/java/maven/lib/aether-util-1.13.1.jar
7f9d0c066000-7f9d0c072000 r--s 0007d000 08:05 2233881                    /home/pedrohensanches/netbeans-8.2/java/maven/lib/maven-core-3.0.5.jar
7f9d0c072000-7f9d0c076000 r--s 00021000 08:05 2233794                    /home/pedrohensanches/netbeans-8.2/java/maven/lib/maven-model-builder-3.0.5.jar
7f9d0c076000-7f9d0c078000 r--s 0000c000 08:05 2233759                    /home/pedrohensanches/netbeans-8.2/java/maven/lib/maven-aether-provider-3.0.5.jar
7f9d0c078000-7f9d0c07a000 r--s 0000b000 08:05 2233840                    /home/pedrohensanches/netbeans-8.2/java/maven/lib/maven-plugin-api-3.0.5.jar
7f9d0c07a000-7f9d0c07e000 r--s 00033000 08:05 2233867                    /home/pedrohensanches/netbeans-8.2/java/maven/lib/plexus-utils-2.0.6.jar
7f9d0c07e000-7f9d0c0ad000 r--s 001c8000 08:05 2233839                    /home/pedrohensanches/netbeans-8.2/java/maven/lib/wagon-http-2.10-shaded.jar
7f9d0c0ad000-7f9d0c0af000 r--s 00006000 08:05 2233712                    /home/pedrohensanches/netbeans-8.2/java/maven/lib/aether-connector-wagon-1.13.1.jar
7f9d0c0af000-7f9d0c0b1000 r--s 0000d000 08:05 2233796                    /home/pedrohensanches/netbeans-8.2/java/maven/lib/plexus-interpolation-1.14.jar
7f9d0c0b1000-7f9d0c0d0000 r--s 00154000 08:05 2233882                    /home/pedrohensanches/netbeans-8.2/java/maven/lib/sisu-guava-0.9.9.jar
7f9d0c0d0000-7f9d0d000000 rw-p 00000000 00:00 0 
7f9d0d000000-7f9d0db00000 rwxp 00000000 00:00 0 
7f9d0db00000-7f9d1c000000 ---p 00000000 00:00 0 
7f9d1c000000-7f9d1cac6000 rw-p 00000000 00:00 0 
7f9d1cac6000-7f9d20000000 ---p 00000000 00:00 0 
7f9d20000000-7f9d20001000 r--s 0000a000 08:05 2233855                    /home/pedrohensanches/netbeans-8.2/java/maven/lib/maven-embedder-3.0.5.jar
7f9d20001000-7f9d20003000 r--s 0000b000 08:05 2233827                    /home/pedrohensanches/netbeans-8.2/java/maven/lib/wagon-provider-api-2.10.jar
7f9d20003000-7f9d20005000 r--s 00009000 08:05 2233885                    /home/pedrohensanches/netbeans-8.2/java/maven/lib/commons-cli-1.2.jar
7f9d20005000-7f9d20007000 r--s 00006000 08:05 2233646                    /home/pedrohensanches/netbeans-8.2/java/maven/lib/maven-repository-metadata-3.0.5.jar
7f9d20007000-7f9d2000a000 r--s 0001d000 08:05 2233868                    /home/pedrohensanches/netbeans-8.2/java/maven/lib/aether-impl-1.13.1.jar
7f9d2000a000-7f9d2000c000 r--s 0000a000 08:05 2233856                    /home/pedrohensanches/netbeans-8.2/java/maven/lib/maven-settings-3.0.5.jar
7f9d2000c000-7f9d2000d000 r--s 00002000 08:05 2233842                    /home/pedrohensanches/netbeans-8.2/java/maven/lib/wagon-http-shared-2.10.jar
7f9d2000d000-7f9d2000f000 r--s 00026000 08:05 2233873                    /home/pedrohensanches/netbeans-8.2/java/maven/lib/maven-model-3.0.5.jar
7f9d2000f000-7f9d20016000 r--s 0003f000 08:05 2233841                    /home/pedrohensanches/netbeans-8.2/java/maven/lib/sisu-inject-bean-2.3.0.jar
7f9d20016000-7f9d20018000 r--s 00002000 08:05 2233874                    /home/pedrohensanches/netbeans-8.2/java/maven/lib/plexus-cipher-1.7.jar
7f9d20018000-7f9d2009c000 rw-p 00000000 00:00 0 
7f9d2009c000-7f9d20276000 r--s 03d4d000 08:05 10752033                   /usr/lib/jvm/java-8-oracle/jre/lib/rt.jar
7f9d20276000-7f9d20ccf000 rw-p 00000000 00:00 0 
7f9d20ccf000-7f9d20cd0000 ---p 00000000 00:00 0 
7f9d20cd0000-7f9d20dd0000 rw-p 00000000 00:00 0 
7f9d20dd0000-7f9d20dd1000 ---p 00000000 00:00 0 
7f9d20dd1000-7f9d20ed1000 rw-p 00000000 00:00 0 
7f9d20ed1000-7f9d20ed2000 ---p 00000000 00:00 0 
7f9d20ed2000-7f9d20fd2000 rw-p 00000000 00:00 0 
7f9d20fd2000-7f9d20fd3000 ---p 00000000 00:00 0 
7f9d20fd3000-7f9d210e8000 rw-p 00000000 00:00 0 
7f9d210e8000-7f9d21215000 ---p 00000000 00:00 0 
7f9d21215000-7f9d2122a000 rw-p 00000000 00:00 0 
7f9d2122a000-7f9d21357000 ---p 00000000 00:00 0 
7f9d21357000-7f9d21375000 rw-p 00000000 00:00 0 
7f9d21375000-7f9d213f8000 ---p 00000000 00:00 0 
7f9d213f8000-7f9d21425000 rw-p 00000000 00:00 0 
7f9d21425000-7f9d217b9000 ---p 00000000 00:00 0 
7f9d217b9000-7f9d217d3000 r-xp 00000000 08:05 10752064                   /usr/lib/jvm/java-8-oracle/jre/lib/amd64/libzip.so
7f9d217d3000-7f9d219d3000 ---p 0001a000 08:05 10752064                   /usr/lib/jvm/java-8-oracle/jre/lib/amd64/libzip.so
7f9d219d3000-7f9d219d4000 rw-p 0001a000 08:05 10752064                   /usr/lib/jvm/java-8-oracle/jre/lib/amd64/libzip.so
7f9d219d4000-7f9d219de000 r-xp 00000000 08:05 6815762                    /lib/x86_64-linux-gnu/libnss_files-2.24.so
7f9d219de000-7f9d21bde000 ---p 0000a000 08:05 6815762                    /lib/x86_64-linux-gnu/libnss_files-2.24.so
7f9d21bde000-7f9d21bdf000 r--p 0000a000 08:05 6815762                    /lib/x86_64-linux-gnu/libnss_files-2.24.so
7f9d21bdf000-7f9d21be0000 rw-p 0000b000 08:05 6815762                    /lib/x86_64-linux-gnu/libnss_files-2.24.so
7f9d21be0000-7f9d21be6000 rw-p 00000000 00:00 0 
7f9d21be6000-7f9d21bf1000 r-xp 00000000 08:05 6815764                    /lib/x86_64-linux-gnu/libnss_nis-2.24.so
7f9d21bf1000-7f9d21df0000 ---p 0000b000 08:05 6815764                    /lib/x86_64-linux-gnu/libnss_nis-2.24.so
7f9d21df0000-7f9d21df1000 r--p 0000a000 08:05 6815764                    /lib/x86_64-linux-gnu/libnss_nis-2.24.so
7f9d21df1000-7f9d21df2000 rw-p 0000b000 08:05 6815764                    /lib/x86_64-linux-gnu/libnss_nis-2.24.so
7f9d21df2000-7f9d21e06000 r-xp 00000000 08:05 6815759                    /lib/x86_64-linux-gnu/libnsl-2.24.so
7f9d21e06000-7f9d22006000 ---p 00014000 08:05 6815759                    /lib/x86_64-linux-gnu/libnsl-2.24.so
7f9d22006000-7f9d22007000 r--p 00014000 08:05 6815759                    /lib/x86_64-linux-gnu/libnsl-2.24.so
7f9d22007000-7f9d22008000 rw-p 00015000 08:05 6815759                    /lib/x86_64-linux-gnu/libnsl-2.24.so
7f9d22008000-7f9d2200a000 rw-p 00000000 00:00 0 
7f9d2200a000-7f9d22011000 r-xp 00000000 08:05 6815760                    /lib/x86_64-linux-gnu/libnss_compat-2.24.so
7f9d22011000-7f9d22210000 ---p 00007000 08:05 6815760                    /lib/x86_64-linux-gnu/libnss_compat-2.24.so
7f9d22210000-7f9d22211000 r--p 00006000 08:05 6815760                    /lib/x86_64-linux-gnu/libnss_compat-2.24.so
7f9d22211000-7f9d22212000 rw-p 00007000 08:05 6815760                    /lib/x86_64-linux-gnu/libnss_compat-2.24.so
7f9d22212000-7f9d2223d000 r-xp 00000000 08:05 10752091                   /usr/lib/jvm/java-8-oracle/jre/lib/amd64/libjava.so
7f9d2223d000-7f9d2243c000 ---p 0002b000 08:05 10752091                   /usr/lib/jvm/java-8-oracle/jre/lib/amd64/libjava.so
7f9d2243c000-7f9d2243e000 rw-p 0002a000 08:05 10752091                   /usr/lib/jvm/java-8-oracle/jre/lib/amd64/libjava.so
7f9d2243e000-7f9d2244b000 r-xp 00000000 08:05 10752042                   /usr/lib/jvm/java-8-oracle/jre/lib/amd64/libverify.so
7f9d2244b000-7f9d2264b000 ---p 0000d000 08:05 10752042                   /usr/lib/jvm/java-8-oracle/jre/lib/amd64/libverify.so
7f9d2264b000-7f9d2264d000 rw-p 0000d000 08:05 10752042                   /usr/lib/jvm/java-8-oracle/jre/lib/amd64/libverify.so
7f9d2264d000-7f9d22654000 r-xp 00000000 08:05 6815769                    /lib/x86_64-linux-gnu/librt-2.24.so
7f9d22654000-7f9d22853000 ---p 00007000 08:05 6815769                    /lib/x86_64-linux-gnu/librt-2.24.so
7f9d22853000-7f9d22854000 r--p 00006000 08:05 6815769                    /lib/x86_64-linux-gnu/librt-2.24.so
7f9d22854000-7f9d22855000 rw-p 00007000 08:05 6815769                    /lib/x86_64-linux-gnu/librt-2.24.so
7f9d22855000-7f9d22958000 r-xp 00000000 08:05 6815756                    /lib/x86_64-linux-gnu/libm-2.24.so
7f9d22958000-7f9d22b57000 ---p 00103000 08:05 6815756                    /lib/x86_64-linux-gnu/libm-2.24.so
7f9d22b57000-7f9d22b58000 r--p 00102000 08:05 6815756                    /lib/x86_64-linux-gnu/libm-2.24.so
7f9d22b58000-7f9d22b59000 rw-p 00103000 08:05 6815756                    /lib/x86_64-linux-gnu/libm-2.24.so
7f9d22b59000-7f9d2382c000 r-xp 00000000 08:05 10752095                   /usr/lib/jvm/java-8-oracle/jre/lib/amd64/server/libjvm.so
7f9d2382c000-7f9d23a2b000 ---p 00cd3000 08:05 10752095                   /usr/lib/jvm/java-8-oracle/jre/lib/amd64/server/libjvm.so
7f9d23a2b000-7f9d23b05000 rw-p 00cd2000 08:05 10752095                   /usr/lib/jvm/java-8-oracle/jre/lib/amd64/server/libjvm.so
7f9d23b05000-7f9d23b50000 rw-p 00000000 00:00 0 
7f9d23b50000-7f9d23ce5000 r-xp 00000000 08:05 6815752                    /lib/x86_64-linux-gnu/libc-2.24.so
7f9d23ce5000-7f9d23ee5000 ---p 00195000 08:05 6815752                    /lib/x86_64-linux-gnu/libc-2.24.so
7f9d23ee5000-7f9d23ee9000 r--p 00195000 08:05 6815752                    /lib/x86_64-linux-gnu/libc-2.24.so
7f9d23ee9000-7f9d23eeb000 rw-p 00199000 08:05 6815752                    /lib/x86_64-linux-gnu/libc-2.24.so
7f9d23eeb000-7f9d23eef000 rw-p 00000000 00:00 0 
7f9d23eef000-7f9d23ef2000 r-xp 00000000 08:05 6815755                    /lib/x86_64-linux-gnu/libdl-2.24.so
7f9d23ef2000-7f9d240f1000 ---p 00003000 08:05 6815755                    /lib/x86_64-linux-gnu/libdl-2.24.so
7f9d240f1000-7f9d240f2000 r--p 00002000 08:05 6815755                    /lib/x86_64-linux-gnu/libdl-2.24.so
7f9d240f2000-7f9d240f3000 rw-p 00003000 08:05 6815755                    /lib/x86_64-linux-gnu/libdl-2.24.so
7f9d240f3000-7f9d24108000 r-xp 00000000 08:05 9706103                    /usr/lib/jvm/java-8-oracle/lib/amd64/jli/libjli.so
7f9d24108000-7f9d24308000 ---p 00015000 08:05 9706103                    /usr/lib/jvm/java-8-oracle/lib/amd64/jli/libjli.so
7f9d24308000-7f9d24309000 rw-p 00015000 08:05 9706103                    /usr/lib/jvm/java-8-oracle/lib/amd64/jli/libjli.so
7f9d24309000-7f9d24321000 r-xp 00000000 08:05 6815767                    /lib/x86_64-linux-gnu/libpthread-2.24.so
7f9d24321000-7f9d24520000 ---p 00018000 08:05 6815767                    /lib/x86_64-linux-gnu/libpthread-2.24.so
7f9d24520000-7f9d24521000 r--p 00017000 08:05 6815767                    /lib/x86_64-linux-gnu/libpthread-2.24.so
7f9d24521000-7f9d24522000 rw-p 00018000 08:05 6815767                    /lib/x86_64-linux-gnu/libpthread-2.24.so
7f9d24522000-7f9d24526000 rw-p 00000000 00:00 0 
7f9d24526000-7f9d24549000 r-xp 00000000 08:05 6815747                    /lib/x86_64-linux-gnu/ld-2.24.so
7f9d24549000-7f9d2454a000 r--s 00002000 08:05 2233884                    /home/pedrohensanches/netbeans-8.2/java/maven/lib/wagon-file-2.10.jar
7f9d2454a000-7f9d2454c000 r--s 00000000 08:05 2233525                    /home/pedrohensanches/netbeans-8.2/java/maven/lib/plexus-component-annotations-1.5.5.jar
7f9d2454c000-7f9d2454e000 r--s 0000b000 08:05 2233854                    /home/pedrohensanches/netbeans-8.2/java/maven/lib/maven-artifact-3.0.5.jar
7f9d2454e000-7f9d24551000 r--s 00008000 08:05 2233741                    /home/pedrohensanches/netbeans-8.2/java/maven/lib/maven-settings-builder-3.0.5.jar
7f9d24551000-7f9d24552000 r--s 00006000 08:05 2233795                    /home/pedrohensanches/netbeans-8.2/java/maven/lib/plexus-sec-dispatcher-1.3.jar
7f9d24552000-7f9d24554000 r--s 0000a000 08:05 2233829                    /home/pedrohensanches/netbeans-8.2/java/maven/boot/plexus-classworlds-2.4.jar
7f9d24554000-7f9d24626000 rw-p 00000000 00:00 0 
7f9d24626000-7f9d24629000 ---p 00000000 00:00 0 
7f9d24629000-7f9d2473c000 rw-p 00000000 00:00 0 
7f9d2473c000-7f9d24744000 rw-s 00000000 08:05 1180298                    /tmp/hsperfdata_pedrohensanches/12772
7f9d24744000-7f9d24745000 rw-p 00000000 00:00 0 
7f9d24745000-7f9d24746000 ---p 00000000 00:00 0 
7f9d24746000-7f9d24749000 rw-p 00000000 00:00 0 
7f9d24749000-7f9d2474a000 r--p 00023000 08:05 6815747                    /lib/x86_64-linux-gnu/ld-2.24.so
7f9d2474a000-7f9d2474b000 rw-p 00024000 08:05 6815747                    /lib/x86_64-linux-gnu/ld-2.24.so
7f9d2474b000-7f9d2474c000 rw-p 00000000 00:00 0 
7ffe46ee3000-7ffe46f04000 rw-p 00000000 00:00 0                          [stack]
7ffe46f81000-7ffe46f83000 r--p 00000000 00:00 0                          [vvar]
7ffe46f83000-7ffe46f85000 r-xp 00000000 00:00 0                          [vdso]
ffffffffff600000-ffffffffff601000 r-xp 00000000 00:00 0                  [vsyscall]

VM Arguments:
jvm_args: -Dclassworlds.conf=/home/pedrohensanches/netbeans-8.2/java/maven/bin/m2.conf -Dmaven.home=/home/pedrohensanches/netbeans-8.2/java/maven 
java_command: org.codehaus.plexus.classworlds.launcher.Launcher -Dmaven.ext.class.path=/home/pedrohensanches/netbeans-8.2/java/maven-nblib/netbeans-eventspy.jar clean install
java_class_path (initial): /home/pedrohensanches/netbeans-8.2/java/maven/boot/plexus-classworlds-2.4.jar
Launcher Type: SUN_STANDARD

Environment Variables:
JAVA_HOME=/usr/lib/jvm/java-8-oracle
PATH=/usr/local/bin:/usr/bin:/bin:/usr/local/games:/usr/games:/usr/lib/jvm/java-8-oracle/bin:/usr/lib/jvm/java-8-oracle/db/bin:/usr/lib/jvm/java-8-oracle/jre/bin
USERNAME=pedrohensanches
LD_LIBRARY_PATH=/usr/lib/jvm/java-8-oracle/bin/../jre/lib/amd64:/usr/lib/jvm/java-8-oracle/bin/../jre/lib/i386:
SHELL=/bin/bash
DISPLAY=:0

Signal Handlers:
SIGSEGV: [libjvm.so+0xacba10], sa_mask[0]=11111111011111111101111111111110, sa_flags=SA_RESTART|SA_SIGINFO
SIGBUS: [libjvm.so+0xacba10], sa_mask[0]=11111111011111111101111111111110, sa_flags=SA_RESTART|SA_SIGINFO
SIGFPE: [libjvm.so+0x924ba0], sa_mask[0]=11111111011111111101111111111110, sa_flags=SA_RESTART|SA_SIGINFO
SIGPIPE: [libjvm.so+0x924ba0], sa_mask[0]=11111111011111111101111111111110, sa_flags=SA_RESTART|SA_SIGINFO
SIGXFSZ: [libjvm.so+0x924ba0], sa_mask[0]=11111111011111111101111111111110, sa_flags=SA_RESTART|SA_SIGINFO
SIGILL: [libjvm.so+0x924ba0], sa_mask[0]=11111111011111111101111111111110, sa_flags=SA_RESTART|SA_SIGINFO
SIGUSR1: SIG_DFL, sa_mask[0]=00000000000000000000000000000000, sa_flags=none
SIGUSR2: [libjvm.so+0x9263e0], sa_mask[0]=00100000000000000000000000000000, sa_flags=SA_RESTART|SA_SIGINFO
SIGHUP: [libjvm.so+0x9277e0], sa_mask[0]=11111111011111111101111111111110, sa_flags=SA_RESTART|SA_SIGINFO
SIGINT: SIG_IGN, sa_mask[0]=00000000000000000000000000000000, sa_flags=none
SIGTERM: [libjvm.so+0x9277e0], sa_mask[0]=11111111011111111101111111111110, sa_flags=SA_RESTART|SA_SIGINFO
SIGQUIT: [libjvm.so+0x9277e0], sa_mask[0]=11111111011111111101111111111110, sa_flags=SA_RESTART|SA_SIGINFO


---------------  S Y S T E M  ---------------

OS:PRETTY_NAME="Debian GNU/Linux 9 (stretch)"
NAME="Debian GNU/Linux"
VERSION_ID="9"
VERSION="9 (stretch)"
ID=debian
HOME_URL="https://www.debian.org/"
SUPPORT_URL="https://www.debian.org/support"
BUG_REPORT_URL="https://bugs.debian.org/"

uname:Linux 4.9.0-3-amd64 #1 SMP Debian 4.9.30-2+deb9u5 (2017-09-19) x86_64
libc:glibc 2.24 NPTL 2.24 
rlimit: STACK 8192k, CORE 0k, NPROC 15353, NOFILE 1048576, AS infinity
load average:13,78 5,43 2,47

/proc/meminfo:
MemTotal:        3953012 kB
MemFree:           84488 kB
MemAvailable:          0 kB
Buffers:             560 kB
Cached:           129996 kB
SwapCached:         2644 kB
Active:          3075572 kB
Inactive:         621340 kB
Active(anon):    3068148 kB
Inactive(anon):   613728 kB
Active(file):       7424 kB
Inactive(file):     7612 kB
Unevictable:         284 kB
Mlocked:             284 kB
SwapTotal:       4094972 kB
SwapFree:              0 kB
Dirty:                60 kB
Writeback:           344 kB
AnonPages:       3565456 kB
Mapped:            40484 kB
Shmem:            115480 kB
Slab:              66028 kB
SReclaimable:      24864 kB
SUnreclaim:        41164 kB
KernelStack:       11104 kB
PageTables:        50964 kB
NFS_Unstable:          0 kB
Bounce:                0 kB
WritebackTmp:          0 kB
CommitLimit:     6071476 kB
Committed_AS:    9206036 kB
VmallocTotal:   34359738367 kB
VmallocUsed:           0 kB
VmallocChunk:          0 kB
HardwareCorrupted:     0 kB
AnonHugePages:         0 kB
ShmemHugePages:        0 kB
ShmemPmdMapped:        0 kB
HugePages_Total:       0
HugePages_Free:        0
HugePages_Rsvd:        0
HugePages_Surp:        0
Hugepagesize:       2048 kB
DirectMap4k:      164416 kB
DirectMap2M:     3932160 kB
DirectMap1G:           0 kB


CPU:total 4 (initial active 4) (2 cores per cpu, 2 threads per core) family 6 model 69 stepping 1, cmov, cx8, fxsr, mmx, sse, sse2, sse3, ssse3, sse4.1, sse4.2, popcnt, avx, avx2, aes, clmul, erms, lzcnt, ht, tsc, tscinvbit, bmi1, bmi2

/proc/cpuinfo:
processor	: 0
vendor_id	: GenuineIntel
cpu family	: 6
model		: 69
model name	: Intel(R) Core(TM) i5-4210U CPU @ 1.70GHz
stepping	: 1
microcode	: 0x1c
cpu MHz		: 1530.145
cache size	: 3072 KB
physical id	: 0
siblings	: 4
core id		: 0
cpu cores	: 2
apicid		: 0
initial apicid	: 0
fpu		: yes
fpu_exception	: yes
cpuid level	: 13
wp		: yes
flags		: fpu vme de pse tsc msr pae mce cx8 apic sep mtrr pge mca cmov pat pse36 clflush dts acpi mmx fxsr sse sse2 ss ht tm pbe syscall nx pdpe1gb rdtscp lm constant_tsc arch_perfmon pebs bts rep_good nopl xtopology nonstop_tsc aperfmperf eagerfpu pni pclmulqdq dtes64 monitor ds_cpl vmx est tm2 ssse3 sdbg fma cx16 xtpr pdcm pcid sse4_1 sse4_2 movbe popcnt tsc_deadline_timer aes xsave avx f16c rdrand lahf_lm abm epb tpr_shadow vnmi flexpriority ept vpid fsgsbase tsc_adjust bmi1 avx2 smep bmi2 erms invpcid xsaveopt dtherm ida arat pln pts
bugs		:
bogomips	: 3391.86
clflush size	: 64
cache_alignment	: 64
address sizes	: 39 bits physical, 48 bits virtual
power management:

processor	: 1
vendor_id	: GenuineIntel
cpu family	: 6
model		: 69
model name	: Intel(R) Core(TM) i5-4210U CPU @ 1.70GHz
stepping	: 1
microcode	: 0x1c
cpu MHz		: 1701.971
cache size	: 3072 KB
physical id	: 0
siblings	: 4
core id		: 1
cpu cores	: 2
apicid		: 2
initial apicid	: 2
fpu		: yes
fpu_exception	: yes
cpuid level	: 13
wp		: yes
flags		: fpu vme de pse tsc msr pae mce cx8 apic sep mtrr pge mca cmov pat pse36 clflush dts acpi mmx fxsr sse sse2 ss ht tm pbe syscall nx pdpe1gb rdtscp lm constant_tsc arch_perfmon pebs bts rep_good nopl xtopology nonstop_tsc aperfmperf eagerfpu pni pclmulqdq dtes64 monitor ds_cpl vmx est tm2 ssse3 sdbg fma cx16 xtpr pdcm pcid sse4_1 sse4_2 movbe popcnt tsc_deadline_timer aes xsave avx f16c rdrand lahf_lm abm epb tpr_shadow vnmi flexpriority ept vpid fsgsbase tsc_adjust bmi1 avx2 smep bmi2 erms invpcid xsaveopt dtherm ida arat pln pts
bugs		:
bogomips	: 3392.49
clflush size	: 64
cache_alignment	: 64
address sizes	: 39 bits physical, 48 bits virtual
power management:

processor	: 2
vendor_id	: GenuineIntel
cpu family	: 6
model		: 69
model name	: Intel(R) Core(TM) i5-4210U CPU @ 1.70GHz
stepping	: 1
microcode	: 0x1c
cpu MHz		: 1681.842
cache size	: 3072 KB
physical id	: 0
siblings	: 4
core id		: 0
cpu cores	: 2
apicid		: 1
initial apicid	: 1
fpu		: yes
fpu_exception	: yes
cpuid level	: 13
wp		: yes
flags		: fpu vme de pse tsc msr pae mce cx8 apic sep mtrr pge mca cmov pat pse36 clflush dts acpi mmx fxsr sse sse2 ss ht tm pbe syscall nx pdpe1gb rdtscp lm constant_tsc arch_perfmon pebs bts rep_good nopl xtopology nonstop_tsc aperfmperf eagerfpu pni pclmulqdq dtes64 monitor ds_cpl vmx est tm2 ssse3 sdbg fma cx16 xtpr pdcm pcid sse4_1 sse4_2 movbe popcnt tsc_deadline_timer aes xsave avx f16c rdrand lahf_lm abm epb tpr_shadow vnmi flexpriority ept vpid fsgsbase tsc_adjust bmi1 avx2 smep bmi2 erms invpcid xsaveopt dtherm ida arat pln pts
bugs		:
bogomips	: 3392.77
clflush size	: 64
cache_alignment	: 64
address sizes	: 39 bits physical, 48 bits virtual
power management:

processor	: 3
vendor_id	: GenuineIntel
cpu family	: 6
model		: 69
model name	: Intel(R) Core(TM) i5-4210U CPU @ 1.70GHz
stepping	: 1
microcode	: 0x1c
cpu MHz		: 1660.260
cache size	: 3072 KB
physical id	: 0
siblings	: 4
core id		: 1
cpu cores	: 2
apicid		: 3
initial apicid	: 3
fpu		: yes
fpu_exception	: yes
cpuid level	: 13
wp		: yes
flags		: fpu vme de pse tsc msr pae mce cx8 apic sep mtrr pge mca cmov pat pse36 clflush dts acpi mmx fxsr sse sse2 ss ht tm pbe syscall nx pdpe1gb rdtscp lm constant_tsc arch_perfmon pebs bts rep_good nopl xtopology nonstop_tsc aperfmperf eagerfpu pni pclmulqdq dtes64 monitor ds_cpl vmx est tm2 ssse3 sdbg fma cx16 xtpr pdcm pcid sse4_1 sse4_2 movbe popcnt tsc_deadline_timer aes xsave avx f16c rdrand lahf_lm abm epb tpr_shadow vnmi flexpriority ept vpid fsgsbase tsc_adjust bmi1 avx2 smep bmi2 erms invpcid xsaveopt dtherm ida arat pln pts
bugs		:
bogomips	: 3392.56
clflush size	: 64
cache_alignment	: 64
address sizes	: 39 bits physical, 48 bits virtual
power management:



Memory: 4k page, physical 3953012k(84456k free), swap 4094972k(0k free)

vm_info: Java HotSpot(TM) 64-Bit Server VM (25.144-b01) for linux-amd64 JRE (1.8.0_144-b01), built on Jul 21 2017 21:57:33 by "java_re" with gcc 4.3.0 20080428 (Red Hat 4.3.0-8)

time: Thu Oct 12 21:13:36 2017
elapsed time: 138 seconds (0d 0h 2m 18s)

